Arguments: 
  /usr/local/Cellar/node/12.1.0/bin/node /usr/local/Cellar/yarn/1.16.0/libexec/bin/yarn.js

PATH: 
  /Users/jim/developer/google-cloud-sdk/bin/:/Users/jim/developer/bin/:/Users/jim/developer/go/bin/:/Users/jim/developer/go/bin/:/usr/local/bin:/usr/bin:/bin:/usr/sbin:/sbin:/usr/local/go/bin:/Library/Frameworks/Mono.framework/Versions/Current/Commands

Yarn version: 
  1.16.0

Node version: 
  12.1.0

Platform: 
  darwin x64

Trace: 
  SyntaxError: /Users/jim/Projects/test-react-webpack/package.json: Unexpected token } in JSON at position 1355
      at JSON.parse (<anonymous>)
      at /usr/local/Cellar/yarn/1.16.0/libexec/lib/cli.js:1625:59
      at Generator.next (<anonymous>)
      at step (/usr/local/Cellar/yarn/1.16.0/libexec/lib/cli.js:304:30)
      at /usr/local/Cellar/yarn/1.16.0/libexec/lib/cli.js:315:13

npm manifest: 
  {
    "name": "bazare",
    "version": "1.0.0",
    "main": "index.jsx",
    "author": "tjimsk",
    "license": "MIT",
    "scripts": {
      "start": "./node_modules/.bin/webpack-dev-server --mode=development -w --progress --hot",
      "dev": "./node_modules/.bin/webpack -w --progress",
      "build": "./node_modules/.bin/webpack --mode=production --progress",
      "test": "./node_modules/.bin/jest"
    },
    "devDependencies": {
      "@babel/core": "^7.1.6",
      "@babel/preset-env": "^7.1.6",
      "@babel/preset-react": "^7.0.0",
      "babel-loader": "^8.0.4",
      "clean-webpack-plugin": "^1.0.0",
      "css-hot-loader": "^1.4.2",
      "css-loader": "^1.0.0",
      "extract-text-webpack-plugin": "^4.0.0-beta.0",
      "file-loader": "^2.0.0",
      "html-webpack-plugin": "^3.2.0",
      "jest": "^23.6.0",
      "mini-css-extract-plugin": "^0.4.5",
      "node-sass": "^4.10.0",
      "optimize-css-assets-webpack-plugin": "^5.0.1",
      "postcss": "^7.0.6",
      "postcss-sass": "^0.3.5",
      "sass-loader": "^7.1.0",
      "style-loader": "^0.23.1",
      "sugarss": "^2.0.0",
      "uglifyjs-webpack-plugin": "^2.0.1",
      "url-loader": "^1.1.2",
      "webpack": "^4.26.0",
      "webpack-cli": "^3.1.2",
      "webpack-core": "^0.6.9",
      "webpack-dev-server": "^3.1.9"
    },
    "dependencies": {
      "lodash": "^4.17.11",
      "react": "^16.7.0-alpha.2",
      "react-dom": "^16.7.0-alpha.2",
    }
  }

yarn manifest: 
  No manifest

Lockfile: 
  No lockfile
